0 info it worked if it ends with ok
1 verbose cli [ '/usr/local/bin/node',
1 verbose cli   '/usr/local/bin/npm',
1 verbose cli   'run',
1 verbose cli   'clean-build:aot' ]
2 info using npm@3.10.9
3 info using node@v6.9.1
4 verbose run-script [ 'preclean-build:aot',
4 verbose run-script   'clean-build:aot',
4 verbose run-script   'postclean-build:aot' ]
5 info lifecycle angular2-client@0.0.1~preclean-build:aot: angular2-client@0.0.1
6 silly lifecycle angular2-client@0.0.1~preclean-build:aot: no script for preclean-build:aot, continuing
7 info lifecycle angular2-client@0.0.1~clean-build:aot: angular2-client@0.0.1
8 verbose lifecycle angular2-client@0.0.1~clean-build:aot: unsafe-perm in lifecycle true
9 verbose lifecycle angular2-client@0.0.1~clean-build:aot: PATH: /usr/local/lib/node_modules/npm/bin/node-gyp-bin:/Users/seanlandsman/IdeaProjects/ag-grid/seanlandsman/ng2/angular2-client-library/client/node_modules/.bin:/usr/local/bin:/usr/bin:/bin:/usr/sbin:/sbin
10 verbose lifecycle angular2-client@0.0.1~clean-build:aot: CWD: /Users/seanlandsman/IdeaProjects/ag-grid/seanlandsman/ng2/angular2-client-library/client
11 silly lifecycle angular2-client@0.0.1~clean-build:aot: Args: [ '-c', 'npm run clean:aot && npm run build:aot' ]
12 silly lifecycle angular2-client@0.0.1~clean-build:aot: Returned: code: 1  signal: null
13 info lifecycle angular2-client@0.0.1~clean-build:aot: Failed to exec clean-build:aot script
14 verbose stack Error: angular2-client@0.0.1 clean-build:aot: `npm run clean:aot && npm run build:aot`
14 verbose stack Exit status 1
14 verbose stack     at EventEmitter.<anonymous> (/usr/local/lib/node_modules/npm/lib/utils/lifecycle.js:255:16)
14 verbose stack     at emitTwo (events.js:106:13)
14 verbose stack     at EventEmitter.emit (events.js:191:7)
14 verbose stack     at ChildProcess.<anonymous> (/usr/local/lib/node_modules/npm/lib/utils/spawn.js:40:14)
14 verbose stack     at emitTwo (events.js:106:13)
14 verbose stack     at ChildProcess.emit (events.js:191:7)
14 verbose stack     at maybeClose (internal/child_process.js:877:16)
14 verbose stack     at Process.ChildProcess._handle.onexit (internal/child_process.js:226:5)
15 verbose pkgid angular2-client@0.0.1
16 verbose cwd /Users/seanlandsman/IdeaProjects/ag-grid/seanlandsman/ng2/angular2-client-library/client
17 error Darwin 16.1.0
18 error argv "/usr/local/bin/node" "/usr/local/bin/npm" "run" "clean-build:aot"
19 error node v6.9.1
20 error npm  v3.10.9
21 error code ELIFECYCLE
22 error angular2-client@0.0.1 clean-build:aot: `npm run clean:aot && npm run build:aot`
22 error Exit status 1
23 error Failed at the angular2-client@0.0.1 clean-build:aot script 'npm run clean:aot && npm run build:aot'.
23 error Make sure you have the latest version of node.js and npm installed.
23 error If you do, this is most likely a problem with the angular2-client package,
23 error not with npm itself.
23 error Tell the author that this fails on your system:
23 error     npm run clean:aot && npm run build:aot
23 error You can get information on how to open an issue for this project with:
23 error     npm bugs angular2-client
23 error Or if that isn't available, you can get their info via:
23 error     npm owner ls angular2-client
23 error There is likely additional logging output above.
24 verbose exit [ 1, true ]
